<?xml version="1.0" encoding="UTF-8"?>
<!-- Generated by org.testng.reporters.JUnitXMLReporter -->
<testsuite hostname="DESKTOP-953A65K" ignored="5" name="VerifyTitleTest" tests="3" failures="3" timestamp="17 May 2021 15:23:50 GMT" time="0.05" errors="0">
  <testcase name="verifyLoginForCorrectCredentials" time="0.016" classname="testClassPackage.VerifyLoginTest">
    <failure type="java.lang.NullPointerException">
      <![CDATA[java.lang.NullPointerException
at pageClassPackage.BasePage.findAccountLink(BasePage.java:44)
at testClassPackage.VerifyLoginTest.verifyLoginForCorrectCredentials(VerifyLoginTest.java:27)
... Removed 25 stack frames]]>
    </failure>
  </testcase> <!-- verifyLoginForCorrectCredentials -->
  <testcase name="verifyHomePageTitleForCorrectTitle" time="0.002" classname="testClassPackage.VerifyTitleTest">
    <failure type="java.lang.NullPointerException">
      <![CDATA[java.lang.NullPointerException
at pageClassPackage.BasePage.getCurrentPageTitle(BasePage.java:65)
at testClassPackage.VerifyTitleTest.verifyHomePageTitleForCorrectTitle(VerifyTitleTest.java:26)
... Removed 25 stack frames]]>
    </failure>
  </testcase> <!-- verifyHomePageTitleForCorrectTitle -->
  <testcase name="verifyTVPageTitleForCorrectTitle" time="0.002" classname="testClassPackage.VerifyTitleTest">
    <failure type="java.lang.NullPointerException">
      <![CDATA[java.lang.NullPointerException
at pageClassPackage.BasePage.findTVLink(BasePage.java:37)
at testClassPackage.VerifyTitleTest.verifyTVPageTitleForCorrectTitle(VerifyTitleTest.java:66)
... Removed 25 stack frames]]>
    </failure>
  </testcase> <!-- verifyTVPageTitleForCorrectTitle -->
  <testcase name="verifyTVPageTitleForIncorrectTitle" time="0.0" classname="testClassPackage.VerifyTitleTest">
    <ignored/>
  </testcase> <!-- verifyTVPageTitleForIncorrectTitle -->
  <testcase name="verifyLoginForInCorrectCredentials" time="0.0" classname="testClassPackage.VerifyLoginTest">
    <ignored/>
  </testcase> <!-- verifyLoginForInCorrectCredentials -->
  <testcase name="verifyHomePageTitleForIncorrectTitle" time="0.0" classname="testClassPackage.VerifyTitleTest">
    <ignored/>
  </testcase> <!-- verifyHomePageTitleForIncorrectTitle -->
  <testcase name="verifyMobilePageTitleForCorrectTitle" time="0.0" classname="testClassPackage.VerifyTitleTest">
    <ignored/>
  </testcase> <!-- verifyMobilePageTitleForCorrectTitle -->
  <testcase name="verifyMobilePageTitleForIncorrectTitle" time="0.0" classname="testClassPackage.VerifyTitleTest">
    <ignored/>
  </testcase> <!-- verifyMobilePageTitleForIncorrectTitle -->
</testsuite> <!-- VerifyTitleTest -->
