<?xml version="1.0" encoding="UTF-8"?>
<!-- Generated by org.testng.reporters.JUnitXMLReporter -->
<testsuite hostname="DESKTOP-953A65K" ignored="0" name="Default test" tests="2" failures="0" timestamp="17 May 2021 10:21:24 GMT" time="24.508" errors="0">
  <testcase name="verifyLoginForCorrectCredentials" time="6.68" classname="testClassPackage.VerifyLoginTest"/>
  <testcase name="verifyLoginForInCorrectCredentials" time="6.449" classname="testClassPackage.VerifyLoginTest"/>
</testsuite> <!-- Default test -->
