<?xml version="1.0" encoding="UTF-8"?>
<!-- Generated by org.testng.reporters.JUnitXMLReporter -->
<testsuite hostname="DESKTOP-953A65K" ignored="5" name="VerifySmokeTest" tests="3" failures="0" timestamp="17 May 2021 15:54:39 GMT" time="55.006" errors="0">
  <testcase name="verifyLoginForCorrectCredentials" time="6.411" classname="testClassPackage.VerifyLoginTest"/>
  <testcase name="verifyHomePageTitleForCorrectTitle" time="0.013" classname="testClassPackage.VerifyTitleTest"/>
  <testcase name="verifyTVPageTitleForCorrectTitle" time="16.058" classname="testClassPackage.VerifyTitleTest"/>
  <testcase name="verifyTVPageTitleForIncorrectTitle" time="0.0" classname="testClassPackage.VerifyTitleTest">
    <ignored/>
  </testcase> <!-- verifyTVPageTitleForIncorrectTitle -->
  <testcase name="verifyLoginForInCorrectCredentials" time="0.0" classname="testClassPackage.VerifyLoginTest">
    <ignored/>
  </testcase> <!-- verifyLoginForInCorrectCredentials -->
  <testcase name="verifyHomePageTitleForIncorrectTitle" time="0.0" classname="testClassPackage.VerifyTitleTest">
    <ignored/>
  </testcase> <!-- verifyHomePageTitleForIncorrectTitle -->
  <testcase name="verifyMobilePageTitleForCorrectTitle" time="0.0" classname="testClassPackage.VerifyTitleTest">
    <ignored/>
  </testcase> <!-- verifyMobilePageTitleForCorrectTitle -->
  <testcase name="verifyMobilePageTitleForIncorrectTitle" time="0.0" classname="testClassPackage.VerifyTitleTest">
    <ignored/>
  </testcase> <!-- verifyMobilePageTitleForIncorrectTitle -->
</testsuite> <!-- VerifySmokeTest -->
